-------------------------------------------------------------------------------
Test set: com.example.demo.QueryApplicationTests
-------------------------------------------------------------------------------
Tests run: 1, Failures: 0, Errors: 1, Skipped: 0, Time elapsed: 0.438 s <<< FAILURE! - in com.example.demo.QueryApplicationTests
com.example.demo.QueryApplicationTests  Time elapsed: 0.436 s  <<< ERROR!
java.lang.IllegalStateException: Unable to find a @SpringBootConfiguration, you need to use @ContextConfiguration or @SpringBootTest(classes=...) with your test

